c:\users\utf0163\documents\visual studio 2019\projects\cse687\cse687-phase3-steve\cse687_phase3\debug\vc142.pdb
c:\users\utf0163\documents\visual studio 2019\projects\cse687\cse687-phase3-steve\cse687_phase3\debug\vc142.idb
c:\users\utf0163\documents\visual studio 2019\projects\cse687\cse687-phase3-steve\cse687_phase3\debug\testserver.obj
c:\users\utf0163\documents\visual studio 2019\projects\cse687\cse687-phase3-steve\cse687_phase3\debug\testresult.obj
c:\users\utf0163\documents\visual studio 2019\projects\cse687\cse687-phase3-steve\cse687_phase3\debug\testmanager.obj
c:\users\utf0163\documents\visual studio 2019\projects\cse687\cse687-phase3-steve\cse687_phase3\debug\testclass.obj
c:\users\utf0163\documents\visual studio 2019\projects\cse687\cse687-phase3-steve\cse687_phase3\debug\testlogger.obj
c:\users\utf0163\documents\visual studio 2019\projects\cse687\cse687-phase3-steve\cse687_phase3\debug\testclient.obj
c:\users\utf0163\documents\visual studio 2019\projects\cse687\cse687-phase3-steve\cse687_phase3\debug\message.obj
c:\users\utf0163\documents\visual studio 2019\projects\cse687\cse687-phase3-steve\cse687_phase3\debug\cse687_phase3.obj
c:\users\utf0163\documents\visual studio 2019\projects\cse687\cse687-phase3-steve\cse687_phase3\debug\comm.obj
c:\users\utf0163\documents\visual studio 2019\projects\cse687\cse687-phase3-steve\cse687_phase3\debug\clienthandler.obj
c:\users\utf0163\documents\visual studio 2019\projects\cse687\cse687-phase3-steve\cse687_phase3\debug\callabletest.obj
c:\users\utf0163\documents\visual studio 2019\projects\cse687\cse687-phase3-steve\debug\cse687_phase3.exe
c:\users\utf0163\documents\visual studio 2019\projects\cse687\cse687-phase3-steve\cse687_phase3\debug\cse687_phase3.ilk
c:\users\utf0163\documents\visual studio 2019\projects\cse687\cse687-phase3-steve\debug\cse687_phase3.pdb
c:\users\utf0163\documents\visual studio 2019\projects\cse687\cse687-phase3-steve\cse687_phase3\debug\cse687_phase3.tlog\cl.command.1.tlog
c:\users\utf0163\documents\visual studio 2019\projects\cse687\cse687-phase3-steve\cse687_phase3\debug\cse687_phase3.tlog\cl.read.1.tlog
c:\users\utf0163\documents\visual studio 2019\projects\cse687\cse687-phase3-steve\cse687_phase3\debug\cse687_phase3.tlog\cl.write.1.tlog
c:\users\utf0163\documents\visual studio 2019\projects\cse687\cse687-phase3-steve\cse687_phase3\debug\cse687_phase3.tlog\link.command.1.tlog
c:\users\utf0163\documents\visual studio 2019\projects\cse687\cse687-phase3-steve\cse687_phase3\debug\cse687_phase3.tlog\link.read.1.tlog
c:\users\utf0163\documents\visual studio 2019\projects\cse687\cse687-phase3-steve\cse687_phase3\debug\cse687_phase3.tlog\link.write.1.tlog
